<?xml version="1.0" encoding="UTF-8"?>
<!-- Generated by org.testng.reporters.JUnitReportReporter -->
<testsuite hostname="IB-Pune-LAP-358" failures="0" tests="5" name="Playwright.opencart.Tests.HomePageTest" time="2.926" errors="0" timestamp="2022-10-06T12:41:51 IST" skipped="0">
  <testcase classname="Playwright.opencart.Tests.HomePageTest" name="HomepageURLTest" time="0.017"/>
  <system-out/>
  <testcase classname="Playwright.opencart.Tests.HomePageTest" name="HomepageTitleTest" time="0.026"/>
  <system-out/>
  <testcase classname="Playwright.opencart.Tests.HomePageTest" name="searchTest" time="0.973"/>
  <system-out/>
  <testcase classname="Playwright.opencart.Tests.HomePageTest" name="searchTest" time="0.893"/>
  <system-out/>
  <testcase classname="Playwright.opencart.Tests.HomePageTest" name="searchTest" time="1.017"/>
  <system-out/>
</testsuite> <!-- Playwright.opencart.Tests.HomePageTest -->
