<?xml version="1.0" encoding="UTF-8"?>
<!-- Generated by org.testng.reporters.JUnitReportReporter -->
<testsuite hostname="IB-Pune-LAP-358" failures="0" tests="3" name="Playwright.opencart.Tests.LoginPageTest" time="2.581" errors="0" timestamp="2022-10-04T10:53:13 IST" skipped="0">
  <testcase classname="Playwright.opencart.Tests.LoginPageTest" name="loginPageNavigationTest" time="1.076"/>
  <system-out/>
  <testcase classname="Playwright.opencart.Tests.LoginPageTest" name="forgotPwdLinkExistTest" time="0.062"/>
  <system-out/>
  <testcase classname="Playwright.opencart.Tests.LoginPageTest" name="appLoginTest" time="1.443"/>
  <system-out/>
</testsuite> <!-- Playwright.opencart.Tests.LoginPageTest -->
